0.0 13.406935563272816 -2.9299360555642737
1.0 13.451513862573899 -2.530899810532074
2.0 13.57919791460414 -2.7302249851498175
3.0 13.314681964831006 -0.10571014678324105
4.0 13.485225910338455 -0.6136265544368741
5.0 12.661786936330076 6.035134058423454
6.0 13.653599116285484 -0.3859136372554886
7.0 13.716647329584182 -0.11986077300611697
8.0 13.714769551035793 0.6136592325422925
9.0 14.014101267276661 -0.8215291243919595
10.0 13.960819292412907 0.28210109462706895
11.0 14.345417590142715 -1.7670066490275473
12.0 14.168191603875815 0.2290204520941245
13.0 14.059887293347407 1.7288114878986776
14.0 14.601402242457242 -1.4500961456921402
15.0 14.52927742829601 -0.2107974837312767
16.0 14.533308500089202 0.4801787993577435
17.0 14.670722820060956 0.21079569556111438
18.0 14.349168287917426 3.245988326994541
19.0 14.981519930010883 -0.586943496078355
20.0 14.814638837085868 1.3346003729817526
21.0 14.692270857369357 2.9356498269406304
22.0 15.241041994448578 -0.29550236002976504
23.0 15.03799364044651 1.8864457887851316
24.0 15.766265249242661 -2.637109794547156
25.0 15.621805469402405 -0.8769993796973168
26.0 15.488921241071901 0.7997670642823067
27.0 15.249942134830729 3.2404166292187484
28.0 15.280479914419056 3.7405446161828038
29.0 16.15371325475145 -1.8267354342104498
30.0 16.188957875208885 -1.3604967015039733
31.0 15.810961765794888 2.0810752862768185
32.0 16.149739890214516 0.36187279045548165
33.0 16.042206568854688 1.8561127042462517
34.0 15.926210922567275 3.4112813575156085
35.0 16.092596903476498 2.933302294969218
36.0 16.080524592166775 3.740222936399232
37.0 16.43240292670291 1.9266989277390452
38.0 16.34310841664042 3.2896194001889882
39.0 17.16642142083426 -1.9182342300066921
40.0 16.86687406670165 0.9585067197481095
41.0 16.45894771376414 4.615576460898206
42.0 16.880124290547986 2.3031051080544955
43.0 16.90012153562084 2.8791249435299533
44.0 17.47202792062085 -0.5186010284701269
45.0 17.28333565211059 1.5599833048037481
46.0 17.64848930234427 -0.3491229768787349
47.0 17.57515322059616 0.8988968117076411
48.0 17.46971468164342 2.378054292167377
49.0 17.65901641060639 1.735081843633975
50.0 17.60776231466547 2.8241113344086046
51.0 18.16592984118229 -0.47469485651247967
52.0 18.065608644793368 0.9676177574877443
53.0 18.39966800915636 -0.7176096659257951
54.0 18.163078094177283 1.7058377219235497
55.0 18.621583683197006 -0.8754025190184421
56.0 18.199703670884713 2.882133569630079
57.0 18.467591195573142 1.6733433918733709
58.0 18.137733548276522 4.768318452409048
59.0 18.629780301048566 1.9455818324503156
60.0 18.304127334773344 5.01028318963192
61.0 18.67045023599819 3.0927583008130513
62.0 18.754676311397056 3.2063305579411945
63.0 19.19204873462216 0.7772491107204644
64.0 19.63744172807499 -1.709580442139935
65.0 19.34046426238002 1.148657310863851
66.0 18.95797339670339 4.622591543735595
67.0 19.468940455348655 1.6636287214896812
68.0 19.239247742825484 4.0374162516565235
69.0 19.39365013004654 3.6457190636648904
70.0 19.180386700908763 5.90121575345691
71.0 20.221894311177067 -0.8776390404748725
72.0 19.777541377574032 3.0417020814669655
73.0 19.832496075339794 3.3660282575534892
74.0 20.01647735743566 2.7613630264632265
75.0 19.60029555292661 6.477872018928406
76.0 20.315445018593493 2.048795866126858
77.0 20.480067856614138 1.5835114323782022
78.0 20.471669730684283 2.363977939073166
79.0 20.76366444844337 0.9816159712077138
80.0 20.552186537075087 3.224256933059371
81.0 20.836696299445986 1.8957866439889102
82.0 20.244546744215814 6.8792634416461595
83.0 21.058747325788516 1.7370192543226863
84.0 20.973475281100875 3.070977976073692
85.0 21.27305931156332 1.6339729567441026
86.0 20.902179447085047 5.0243079809876745
87.0 21.837359861677005 -0.9889910040744126
88.0 21.504561560376693 2.1271567652878134
89.0 21.383845681882494 3.71631109044603
90.0 21.680700532317037 2.298956167317337
91.0 21.46109580728763 4.600110187529069
92.0 21.843329189319796 2.5680298368974888
93.0 21.55386458526605 5.372174986084434
94.0 22.31811042627096 0.5896049308490859
95.0 22.403319483553393 0.6960997184155729
96.0 22.18387807523538 2.99607785830527
97.0 22.18407065127209 3.714691310840968
98.0 22.22366778926439 4.1495919172964
99.0 21.98144384868341 6.613604289479449
100.0 22.69722058761432 2.180011769176886
101.0 22.967033705603168 0.9573573196572028
102.0 22.35366141775725 6.093637792147809
103.0 23.014414885285642 2.0562128259433794
104.0 22.259371638490318 8.2125242028697
105.0 23.10096466957852 2.873054379034656
106.0 22.860261558860486 5.326116776204509
107.0 23.543982456399274 1.12332631392525
108.0 22.76061700780541 7.4835575438010435
109.0 23.776558182638826 0.88878108500044
110.0 23.7553914188107 1.7611817845629645
111.0 23.391300881722877 5.102633651595295
112.0 23.713450818548722 3.5031541064492218
113.0 23.76369952110643 3.861363448033697
114.0 23.230362446242903 8.421390387051085
115.0 23.67756588010313 5.921525663257455
116.0 23.70160327829205 6.468456396297242
117.0 24.288724533709573 2.961183357291097
118.0 23.992219449745715 5.816019961830858
119.0 24.506080754459383 2.8362185678924337
120.0 24.39794698723241 4.334781691926657
121.0 24.567571272666484 3.833486836801325
122.0 25.085705434076957 0.8229208746459336
123.0 24.888443593189525 2.9632061290354272
124.0 25.07488184726834 2.3408506996679392
125.0 24.82154398975682 4.884883273750904
126.0 24.84972594305299 5.401973210018471
127.0 25.44777700811058 1.8160055416038376
128.0 25.770548255680282 0.21205255910197424
129.0 25.29305637987511 4.369994064899191
130.0 25.606801738424462 2.831027483343874
131.0 25.798630191321003 2.1698626224887905
132.0 26.037526790396242 1.1698071091470752
133.0 26.0133531320424 2.0638574492947215
134.0 25.87527534352667 3.7780175266079623
135.0 26.198499138977542 2.1708061993616954
136.0 26.390823413119936 1.5060714255364729
137.0 25.774939920710565 6.66043257088395
138.0 26.15325905555575 4.656534799998602
139.0 26.137555588005345 5.489599766361508
140.0 26.14266001387512 6.172847900099143
141.0 26.211266166603245 6.398883600456645
142.0 26.90209435333502 2.1449206559878777
143.0 26.8542363211956 3.2094984873916843
144.0 27.1490462232401 1.8068671926712796
145.0 26.926602844912367 4.128459516630961
146.0 27.004454565758067 4.287927126541928
147.0 27.15922266999156 3.8935967760607837
148.0 27.612857225608014 1.3474279756223042
149.0 27.78500571191382 0.8279588742204965
150.0 27.413627069659896 4.221885098448752
151.0 28.7583906755193 -4.7404128637389595
152.0 27.723970952972202 3.427409138600166
153.0 28.10774872292412 1.384209194946331
154.0 27.93886136079319 3.3201982022890206
155.0 27.647477813372603 6.138159743717256
156.0 28.18259207505799 3.0053370595824846
157.0 28.672680372034886 0.19670132134884
158.0 28.288653381748116 3.681695651413571
159.0 29.165540231417225 -1.91188966620403
160.0 29.304252400045005 -2.190617280324037
161.0 29.151716659994015 -0.3723599519569007
162.0 29.37273521701568 -1.2436935625129053
163.0 29.375721172399068 -0.5451924412732837
164.0 29.775719146667726 -2.7051778560076087
165.0 29.500890540890424 -0.006411894411053254
166.0 29.51631644827751 0.6025215724019318
167.0 29.723556461865673 -0.16960652543285165
168.0 29.96187310547215 -1.1654863593994804
169.0 29.38949370749892 3.6756453060077803
170.0 29.748499749430636 1.8108018040994238
171.0 30.116441592411878 -0.11837946536550988
172.0 29.9314268956782 1.933726351116954
173.0 30.533245950256834 -1.6793708418492004
174.0 29.66243625940799 5.310458932262489
175.0 30.58203752860742 -0.5906702059734158
176.0 30.103742128980354 3.5730566713414618
177.0 29.617273546986624 7.795630461696303
178.0 30.498544591174493 2.170478943543654
179.0 31.159281735225374 -1.8668284936226769
180.0 30.874698308891755 0.9021721759793622
181.0 30.780092000480572 2.3033375965398935
182.0 30.91309642352728 2.06570575060359
183.0 31.546958980143327 -1.778104657031946
184.0 31.31060960181044 0.6436108669648405
185.0 31.58935828171858 -0.6433796283737877
186.0 31.35842455797866 1.739343182553671
187.0 31.373629842599023 2.349865133287031
188.0 31.45560729590639 2.4796274694739995
189.0 31.557778573732648 2.4639942691249503
190.0 31.877079952535915 0.8850243417414106
191.0 32.31043785642557 -1.515152566264112
192.0 32.20964427196555 -0.06943875815194929
193.0 32.04114000190876 1.863791986256922
194.0 32.58104598531487 -1.3035310942670435
195.0 32.419656910156405 0.5784702468738828
196.0 32.59260420077678 0.05324975440717026
197.0 32.74784719265013 -0.34449978708089474
198.0 32.62991057155306 1.2246438848179366
199.0 32.491186780035235 2.943455183746346
200.0 33.0134620690641 -0.09692689726149979
