0.0 13.406935563272816 -2.9299360555642737
0.1 13.531791486333862 -3.1088987016038105
0.2 13.140476070319883 0.42857229369683836
0.3 13.19557471184848 0.7518620746909533
0.4 13.657252256514644 -1.8522162469054337
0.5 13.70216898454395 -1.4556166887164452
0.6 13.81231143327408 -1.5286423195733847
0.7 13.809050823426437 -0.7851659286703537
0.8 13.481262617550101 2.2949091536392787
0.9 13.396570522217559 3.6246922400335806
1.0 13.387771938168463 4.408042045187068
1.1 13.562423137018767 3.870553413464876
1.2 13.782000841695499 3.0095939397924014
1.3 13.928541394552859 2.674501959219421
1.4 13.716915025290211 4.918211817910484
1.5 13.687586659789982 5.849376049512128
1.6 13.952307739306718 4.663384276991626
1.7 14.416324182552806 2.042465885619791
1.8 14.185825853335517 4.422053855984281
1.9 14.193991768770601 5.083259264851672
2.0 14.16203736733079 6.033330955218315
2.1 14.321128172913047 5.607877155026057
2.2 14.768560309457689 3.106365771904636
2.3 15.102974472570518 1.418583797492279
2.4 15.016549545281254 2.7608432739749715
2.5 15.250108386177773 1.7992196195200323
2.6 15.301076328151126 2.1522504373118907
2.7 14.988217373296683 5.124834912263878
2.8 15.419980828052664 2.7361380380208273
2.9 15.534923261354612 2.628552518246798
3.0 15.973157331674388 0.19326721194440638
3.1 15.918529768136802 1.3065856694150384
3.2 15.511545454472046 4.956872727801266
3.3 15.448082699794558 6.13380456147919
3.4 15.40730628959072 7.147394714946809
3.5 15.806515016369607 4.993091882138829
3.6 16.53614001825945 0.45979186853197973
3.7 16.483232175740856 1.5607283346658336
3.8 15.701819705210685 7.906898122483073
3.9 16.135927714729625 5.501320453946687
4.0 16.44414714110913 4.002140584014259
4.1 16.629312594093935 3.388949322523675
4.2 16.587935036036594 4.406867740536518
4.3 16.32775525029378 7.000162197884788
4.4 16.217518261464537 8.513868517455322
4.5 16.293071192670233 8.689887412774324
4.6 16.713944715616723 6.379598047559606
4.7 16.894700545055642 5.798156075599374
4.8 17.287457805598564 3.6903037996903465
4.9 17.29654141926505 4.344901781291625
5.0 17.505351100581585 3.5614720758125884
5.1 17.71073765919941 2.8026888537642605
5.2 17.588287365239733 4.404330970273918
5.3 17.738891935408855 4.039978065056249
5.4 18.02840944559683 2.675451991702823
5.5 18.28420899947722 1.5536952037640248
5.6 18.293535212387763 2.206546470808118
5.7 18.46117430649843 1.7195449932112865
5.8 18.494176277175843 2.201930804333938
5.9 18.381308253821224 3.7345805724871752
6.0 18.504103762058655 3.5704529131776837
6.1 18.350651121255932 5.395311926957297
6.2 18.045565750116996 8.311926599157625
6.3 18.140408215370314 8.349060849333743
6.4 18.27646074629357 8.08948262668629
6.5 18.471931078918256 7.402096231788554
6.6 18.686372191228998 6.578120223151228
6.7 18.521173128857612 8.48755347222519
6.8 18.734048311174714 7.6748521595420645
6.9 19.119827913366937 5.617239023758046
7.0 19.17939682885616 5.908342832235653
7.1 19.35449243866243 5.367654441630518
7.2 19.626608636411767 4.128417817835273
7.3 19.545205079267667 5.434523429272801
7.4 19.72493822267085 4.860444796769866
7.5 19.837455731791806 4.770318731098996
7.6 19.956202040695228 4.6353453069943695
7.7 20.281467922118356 3.0134309607478316
7.8 20.193586832123625 4.366174808709906
7.9 20.35609053499901 3.9161481480071276
8.0 20.351560759778607 4.668762529594028
8.1 20.329359710727616 5.548610082761178
8.2 20.47303143509835 5.2341736672918815
8.3 20.43050591900319 6.260357383177049
8.4 20.66657872750601 5.280633161956715
8.5 20.60665953402495 6.4320513550203655
8.6 20.57034462641324 7.41351868982467
8.7 20.93291118856249 5.5230394423500995
8.8 20.98456707787223 5.871117039319938
8.9 21.01310115752859 6.3856716657941295
9.0 21.105902191031337 6.437504224574375
9.1 21.211420566503236 6.397771921176712
9.2 21.298479333633978 6.490948797835381
9.3 21.46408933358551 6.018556798184341
9.4 21.380165553524275 7.342808014625208
9.5 21.72473677454736 5.581895223259011
9.6 21.880709806910513 5.178889390244317
9.7 21.94770694430834 5.416510000979971
9.8 22.05035569005568 5.397439031599098
9.9 22.094161051541487 5.8020404289012815
10.0 22.26712362212462 5.276709920702749
10.1 22.26943670554821 5.980055720052905
10.2 22.004658999396995 8.60645520434166
10.3 21.877932568987003 10.238885503293586
10.4 22.21115181832354 8.559706908070504
10.5 22.334974385293417 8.388184425887394
10.6 22.34702026620794 9.021454083302832
10.7 22.559049271471107 8.214845245408052
10.8 22.847175198315806 6.8603385721261985
10.9 22.99321603348632 6.528844558898487
11.0 23.35406889567814 4.6507039511173955
11.1 23.292470649773794 5.814211321628696
11.2 23.202159048378338 7.184454851675989
11.3 23.46721695948472 5.996037891710023
11.4 23.734432827329567 4.792083643227111
11.5 24.03272058816077 3.3644117652424486
11.6 24.03864214896652 4.041776527441065
11.7 24.329541135381216 2.667303825255263
11.8 24.426441386521383 2.689622017046051
11.9 24.370834820534522 3.8099892921514282
12.0 24.38129514656203 4.454674944753373
12.1 24.502427712173006 4.302520472354368
12.2 24.29019408277254 6.55060260403773
12.3 24.1668151231863 8.158931113058646
12.4 24.0137420887442 9.981056961041762
12.5 23.803964641851017 12.211454578672676
12.6 23.867263139555664 12.475705395199228
12.7 24.28596222431966 10.18107198489846
12.8 24.51423723659394 9.257491896523646
12.9 24.69485827578606 8.677020414340353
13.0 24.843702724134506 8.32534038623156
13.1 24.946297054347706 8.306661208696525
13.2 25.169451993770604 7.419945644851672
13.3 25.416358548206286 6.362218452914743
13.4 25.427431888589403 7.002490402156286
13.5 25.569006411794277 6.703153835081207
13.6 25.583296140188967 7.320267790639448
13.7 25.743608736279615 6.886017098786792
13.8 25.813014077674875 7.106298640740903
13.9 25.919683114087757 7.058281578568139
14.0 25.980994083382118 7.33684259964875
14.1 26.12515141975795 7.018909777742758
14.2 26.255835462391595 6.797984670780539
14.3 26.533634616666454 5.517830760001536
14.4 26.59081673585801 5.826119501822322
14.5 26.87679937337792 4.487044511678971
14.6 27.049556235484328 3.963195104512849
14.7 27.0296814333676 4.826293679753303
14.8 27.069660292222334 5.258445895999199
14.9 27.001338428379086 6.470363315670574
15.0 26.952504902534322 7.541964701752881
15.1 27.02372194046695 7.749202028637979
15.2 27.099445447413803 7.923992778620638
15.3 27.29830391633584 7.212211802381958
15.4 27.251540779528323 8.268906387396063
15.5 27.41668340105098 7.799879512432932
15.6 27.596705585492945 7.223719784450807
15.7 27.898298463262865 5.772251064507393
15.8 27.922334928803036 6.319188512618149
15.9 27.93496257906385 6.948269430740271
16.0 28.148799548034354 6.128643254152649
16.1 28.221776803658326 6.323207013660064
16.2 28.44802228807869 5.4142395258334295
16.3 28.69912951682113 4.326267478887863
16.4 29.065179230199533 2.410709542563353
16.5 29.26802795658498 1.670198712588143
16.6 29.1911880123119 2.9434463113543217
16.7 29.19291501677437 3.6510118792245208
16.8 29.318204877617966 3.4689248811506532
16.9 29.523668511814872 2.709586714932911
17.0 29.556121955738444 3.195921918683203
17.1 29.591590988458925 3.660544883095747
17.2 29.44487121069781 5.436927282975773
17.3 29.352414633537414 6.822614638530624
17.4 29.459373198011143 6.772512974319787
17.5 29.51273026435332 7.108342096656102
17.6 29.479770267654562 8.065654072887165
17.7 29.36664828258694 9.600132365374026
17.8 29.420603170010388 9.931657175925213
17.9 29.419290438727742 10.66110884116027
18.0 29.601188793384907 10.071440687628671
18.1 29.674219499538086 10.265619603325788
18.2 29.91334669344458 9.263903807199014
18.3 30.168076070293292 8.149852293888301
18.4 30.085830571474354 9.462019885384668
18.5 30.219261587228228 9.221316571956757
18.6 30.30952363598609 9.291429820900168
18.7 30.448440792751395 9.011226292189951
18.8 30.754706961634387 7.52610987623242
18.9 30.96085533314187 6.761841601378563
19.0 30.839063892790023 8.358739971911836
19.1 31.0265007612465 7.729194519025216
19.2 31.280036646381443 6.623736146053628
19.3 31.32478422882543 7.021553552456891
19.4 31.61059423273091 5.683721524337483
19.5 31.81213594275823 4.952621212140755
19.6 32.1265338898658 3.40895599296627
19.7 32.10343264741359 4.295284938622166
19.8 32.45466838947616 2.4863875957716175
19.9 32.625099490244274 1.9792836702412673
20.0 32.5267335497867 3.407518441535774
