0.0 13.406935563272816 -2.9299360555642737
0.1 13.421477853746442 -2.3146405469743843
0.2 13.671321231921747 -3.3935128698365804
0.3 13.87912893517772 -4.169728333279578
0.4 13.723240233188111 -2.327329678954398
0.5 13.790891969939588 -2.0944221835650367
0.6 13.615408042796052 -0.1109379081315737
0.7 13.569658187183961 0.9384610522754742
0.8 13.508481078034968 2.0989362381482324
0.9 13.812601705533185 0.6292677201610729
1.0 13.738058259176631 1.8859805339282574
1.1 13.85515181543982 1.7629069288332944
1.2 14.181718547214691 0.13162646005421694
1.3 14.037840065122811 1.8875515311157642
1.4 14.035839190911314 2.6219578254385385
1.5 13.955868592630162 3.9177461330628307
1.6 14.083965281440523 3.715449973628229
1.7 14.160971889397754 3.881002396336169
1.8 14.757679234363257 0.30470951258455303
1.9 14.732565769684355 1.2055264582726495
2.0 14.65293695751747 2.4988539058742147
2.1 14.85196551821823 1.7858482688287354
2.2 14.483099570228742 5.161683094353054
2.3 14.428308838524508 6.276176362623548
2.4 14.538391810470952 6.203578964609152
2.5 14.952245864304484 3.9438297770077186
2.6 15.267567128294056 2.3935166762827946
2.7 15.216283462884135 3.482759067234221
2.8 15.360226049988825 3.1663724400804685
2.9 15.86670317618439 0.2397371314723884
3.0 15.436158456163112 4.059659115625597
3.1 15.144991087099246 6.876064172885438
3.2 15.59535855598065 4.353418396939321
3.3 16.24505157177144 0.39562868324563
3.4 16.040925618100808 2.5853355496741757
3.5 15.952255158716952 3.943762857237948
3.6 16.22299182281057 2.714458875763904
3.7 16.032100527964765 4.808876198653687
3.8 16.102475746742233 5.022174623455931
3.9 16.155162697022913 5.362828581435017
4.0 16.19028973861789 5.829913881951202
4.1 16.139987653682738 6.912088893484298
4.2 16.257813501629204 6.7837427882697225
4.3 16.304350770640177 7.168674451390731
4.4 16.636100822613578 5.500074077182228
4.5 16.85495083237811 4.64435400687762
4.6 16.67453508628446 6.663347378751891
4.7 17.229769422634373 3.3856601570325098
4.8 17.43010337785173 2.6632556794675537
4.9 17.334241435119672 4.073461667138349
5.0 17.52025768514815 3.4541446669333284
5.1 18.0669531291839 0.23793746987592498
5.2 18.172701849480042 0.19654668374369352
5.3 18.302875379280866 -0.020702730822233662
5.4 18.378604593010017 0.15404693032786554
5.5 18.56664033019497 -0.47981037740379406
5.6 18.432079995876023 1.2090240296926424
5.7 18.031646429567793 4.812145707111884
5.8 18.23968389672405 4.034275943586851
5.9 18.580947451809994 2.297178346968033
6.0 18.838960850723034 1.1594818747941589
6.1 18.708457531708916 2.8191057716958143
6.2 18.713069381717908 3.505900451631058
6.3 18.729883335711342 4.104839982878341
6.4 18.679026391024905 5.191009984620672
6.5 18.72204907542817 5.601246656917172
6.6 18.87104468420106 5.24847827375238
6.7 19.039185105149784 4.757867242921551
6.8 19.019669934323264 5.618376472872501
6.9 18.929208042013197 6.989702097504969
7.0 18.863558090654273 8.182381747289236
7.1 19.04266456365895 7.6128151416555765
7.2 19.103293646619136 7.896285744342217
7.3 19.314712537327917 7.094069731239
7.4 19.285711028088677 8.022880597761514
7.5 19.396998580158495 7.9416102228588334
7.6 19.749910011995034 6.120647913635764
7.7 20.199400032866937 3.604319763358052
7.8 20.032694125468183 5.52460229662909
7.9 20.14377839938467 5.444795524430376
8.0 20.3675814415142 4.553413621097755
8.1 20.42206108269244 4.881160204614438
8.2 20.350828262501224 6.11403650999118
8.3 20.40002341930257 6.479831381021498
8.4 20.624852979789942 5.5810585455124055
8.5 20.45139245412601 7.549974330292716
8.6 20.609423850710257 7.132148274886157
8.7 20.841836142900917 6.178779771113421
8.8 20.953715095036866 6.093251315734569
8.9 21.16668235203548 5.2798870653445364
9.0 21.451169640213273 3.951578590464436
9.1 21.57182229279277 3.8028794918920625
9.2 21.478117374096552 5.197554906504846
9.3 21.358202922479816 6.780938958145334
9.4 21.45432583678462 6.808853975150732
9.5 21.715758423388206 5.646539351604921
9.6 21.56529436485001 7.44988057307993
9.7 21.564739331196208 8.173876815387326
9.8 21.76398245242915 7.4593263425101215
9.9 21.81641973366926 7.801777917581316
10.0 21.879435648022007 8.068063334241552
10.1 22.21987056846114 6.336931907079804
10.2 22.28588451059908 6.581631523686653
10.3 22.337857406101154 6.927426676071696
10.4 22.709494367832413 4.971640551606618
10.5 22.74821345681902 5.412863110903058
10.6 22.896861267306328 5.0625988753944515
10.7 23.18472803637938 3.70995813806849
10.8 23.283067932267294 3.7219108876754916
10.9 23.37480329494027 3.7814162764300363
11.0 23.333412540486936 4.79942970849406
11.1 23.306270932154227 5.7148492884895745
11.2 23.336718705909394 6.215625317452381
11.3 23.138080269850448 8.365822057076779
11.4 23.242645197568205 8.332954577508914
11.5 23.48730838707539 7.2913796130571855
11.6 23.56502856302149 7.451794346245291
11.7 23.68654513854423 7.2968750024815705
11.8 23.866256538699687 6.722952921362256
11.9 23.892826739063587 7.251647478742166
12.0 23.67312082080107 9.553530090232291
12.1 23.86141560999266 8.917807608052845
12.2 24.191663136945365 7.2600254139933895
12.3 24.02077224752934 9.210439817788757
12.4 24.188581092339447 8.72221613515597
12.5 24.281790459333237 8.771108692800693
12.6 24.49158725326603 7.980571776484598
12.7 24.69051043224048 7.268324887868568
12.8 24.90974135498203 6.4098622441293776
12.9 25.13401875149871 5.515064989209267
13.0 25.457702799989633 3.904539840074642
13.1 25.62457178089911 3.4230831775264163
13.2 25.201280012044222 7.190783913281621
13.3 24.99334222989565 9.40793594475133
13.4 24.834210568985448 11.273683903304766
13.5 24.970876230472197 11.009691140600186
13.6 25.04869199804702 11.169417614061473
13.7 25.298259852767952 10.092529060070765
13.8 25.569000553154336 8.86319601728879
13.9 25.68406800771716 8.75471034443645
14.0 26.126779444130523 6.287188002260232
14.1 26.147667222695336 6.85679599659359
14.2 25.99572804011481 8.670758111173397
14.3 26.10151041132822 8.629125038436817
14.4 26.68542397833176 5.144947356011326
14.5 26.898106625921137 4.333632293367811
14.6 26.93342221725185 4.7993600357867
14.7 27.085166427024923 4.4268017254205745
14.8 27.056672400269996 5.351958718056037
14.9 27.054805952033256 6.085397145360548
15.0 27.134295938617328 6.233069241955241
15.1 27.143340267497962 6.887950074014685
15.2 27.12812169964069 7.717523762587049
15.3 27.601984419388067 5.025712180405921
15.4 27.887551786924497 3.6896271341436093
15.5 27.743848476815256 5.4442909669301605
15.6 27.910668714296552 4.963185257064836
15.7 28.278308387300655 3.036179611435307
15.8 28.295542442313668 3.632094415341598
15.9 28.242443444619234 4.734407198741508
16.0 28.210393161758077 5.685169235341846
16.1 28.446546190603687 4.704867427653463
16.2 28.371237978517414 5.9670865546746175
16.3 28.2581887053315 7.501041321613215
16.4 28.3749702205765 7.380214411849187
16.5 28.73042799868239 5.540918409486787
16.6 28.774756192214664 5.9417554160544315
16.7 28.70102151731823 7.192645075308727
16.8 28.84035492260883 6.909444557216418
16.9 28.889976257460766 7.272170946282472
17.0 28.95480852377309 7.525378628833761
17.1 29.13674560795203 6.935431622745398
17.2 29.621906795347943 4.1622710734948045
17.3 29.761170406059506 3.8795730763715626
17.4 29.764536038567588 4.5753405223133825
17.5 30.01117385807573 3.5195482218547514
17.6 30.16166058303503 3.156043802147798
17.7 30.07809910304046 4.477686458108673
17.8 29.90246433560145 6.4622567836695595
17.9 29.856680328146798 7.5119016373430725
18.0 30.195080910949574 5.795417441163065
18.1 30.36707619548351 5.277051392518743
18.2 30.423701970492726 5.589345812452371
18.3 30.5181570715062 5.629269085155374
18.4 30.7043709681247 5.00852902950218
18.5 30.432815435377247 7.683728865283823
18.6 30.783266577594688 5.8804806413182575
18.7 30.92270622021928 5.596515214421186
18.8 31.183819247189557 4.436501420235191
18.9 31.2302814750183 4.8219733798682425
19.0 31.099412581785923 6.484229411141351
19.1 31.43867417574373 4.761545934645144
19.2 31.72404584259618 3.4268699333075263
19.3 31.626206042420748 4.851316494570597
19.4 31.344908468372967 7.596659027714677
19.5 31.297442807093447 8.658411788927186
19.6 31.243074406565814 9.769864272726151
19.7 31.012351863975532 12.151066579376192
19.8 31.024800302839882 12.78143781955283
19.9 31.185995382486478 12.340833246097398
20.0 31.44628604889527 11.186740447954051
